[debug] [2024-05-30T17:35:49.176Z] ----------------------------------------------------------------------
[debug] [2024-05-30T17:35:49.179Z] Command:       C:\Program Files\nodejs\node.exe C:\Users\Lekgo\AppData\Roaming\npm\node_modules\firebase-tools\lib\bin\firebase.js init
[debug] [2024-05-30T17:35:49.180Z] CLI Version:   13.10.2
[debug] [2024-05-30T17:35:49.180Z] Platform:      win32
[debug] [2024-05-30T17:35:49.180Z] Node Version:  v20.12.2
[debug] [2024-05-30T17:35:49.181Z] Time:          Thu May 30 2024 19:35:49 GMT+0200 (South Africa Standard Time)
[debug] [2024-05-30T17:35:49.181Z] ----------------------------------------------------------------------
[debug] 
[debug] [2024-05-30T17:35:49.185Z] >>> [apiv2][query] GET https://firebase-public.firebaseio.com/cli.json [none]
[debug] [2024-05-30T17:35:49.249Z] > command requires scopes: ["email","openid","https://www.googleapis.com/auth/cloudplatformprojects.readonly","https://www.googleapis.com/auth/firebase","https://www.googleapis.com/auth/cloud-platform"]
[debug] [2024-05-30T17:35:49.250Z] > authorizing via signed-in user (lekgoabamahlaks@gmail.com)
[info] 
     ######## #### ########  ######## ########     ###     ######  ########
     ##        ##  ##     ## ##       ##     ##  ##   ##  ##       ##
     ######    ##  ########  ######   ########  #########  ######  ######
     ##        ##  ##    ##  ##       ##     ## ##     ##       ## ##
     ##       #### ##     ## ######## ########  ##     ##  ######  ########

You're about to initialize a Firebase project in this directory:

  C:\Users\Lekgo\OneDrive\Documents\bootcamp.docs\bootcamp\javascript\React\My_source_code\my_first_react_app\Tutorial_Seven\expense

[debug] [2024-05-30T17:35:49.863Z] <<< [apiv2][status] GET https://firebase-public.firebaseio.com/cli.json 200
[debug] [2024-05-30T17:35:49.863Z] <<< [apiv2][body] GET https://firebase-public.firebaseio.com/cli.json {"cloudBuildErrorAfter":1594252800000,"cloudBuildWarnAfter":1590019200000,"defaultNode10After":1594252800000,"minVersion":"3.0.5","node8DeploysDisabledAfter":1613390400000,"node8RuntimeDisabledAfter":1615809600000,"node8WarnAfter":1600128000000}
[debug] [2024-05-31T08:08:49.284Z] ----------------------------------------------------------------------
[debug] [2024-05-31T08:08:49.286Z] Command:       C:\Program Files\nodejs\node.exe C:\Users\Lekgo\AppData\Roaming\npm\node_modules\firebase-tools\lib\bin\firebase.js init
[debug] [2024-05-31T08:08:49.286Z] CLI Version:   13.10.2
[debug] [2024-05-31T08:08:49.286Z] Platform:      win32
[debug] [2024-05-31T08:08:49.286Z] Node Version:  v20.12.2
[debug] [2024-05-31T08:08:49.287Z] Time:          Fri May 31 2024 10:08:49 GMT+0200 (South Africa Standard Time)
[debug] [2024-05-31T08:08:49.287Z] ----------------------------------------------------------------------
[debug] 
[debug] [2024-05-31T08:08:49.298Z] > command requires scopes: ["email","openid","https://www.googleapis.com/auth/cloudplatformprojects.readonly","https://www.googleapis.com/auth/firebase","https://www.googleapis.com/auth/cloud-platform"]
[debug] [2024-05-31T08:08:49.299Z] > authorizing via signed-in user (lekgoabamahlaks@gmail.com)
[info] 
     ######## #### ########  ######## ########     ###     ######  ########
     ##        ##  ##     ## ##       ##     ##  ##   ##  ##       ##
     ######    ##  ########  ######   ########  #########  ######  ######
     ##        ##  ##    ##  ##       ##     ## ##     ##       ## ##
     ##       #### ##     ## ######## ########  ##     ##  ######  ########

You're about to initialize a Firebase project in this directory:

  C:\Users\Lekgo\OneDrive\Documents\bootcamp.docs\bootcamp\javascript\React\My_source_code\my_first_react_app\Tutorial_Seven\expense

